C:\USERS\PCO\DROPBOX\FROGCOMPUTER\FROGTRACEVIEWER\DEBUG\FROGTRACEVIEWER.EXE
C:\USERS\PCO\DROPBOX\FROGCOMPUTER\FROGTRACEVIEWER\DEBUG\FROGTRACEVIEWER.ILK
C:\USERS\PCO\DROPBOX\FROGCOMPUTER\FROGTRACEVIEWER\DEBUG\FROGTRACEVIEWER.PDB
C:\Users\pco\Dropbox\FrogComputer\FrogTraceViewer\FrogTraceViewer\Debug\cl.command.1.tlog
C:\Users\pco\Dropbox\FrogComputer\FrogTraceViewer\FrogTraceViewer\Debug\CL.read.1.tlog
C:\Users\pco\Dropbox\FrogComputer\FrogTraceViewer\FrogTraceViewer\Debug\CL.write.1.tlog
C:\USERS\PCO\DROPBOX\FROGCOMPUTER\FROGTRACEVIEWER\FROGTRACEVIEWER\DEBUG\FROGTRACEVIEWER.EXE.EMBED.MANIFEST
C:\USERS\PCO\DROPBOX\FROGCOMPUTER\FROGTRACEVIEWER\FROGTRACEVIEWER\DEBUG\FROGTRACEVIEWER.EXE.EMBED.MANIFEST.RES
C:\USERS\PCO\DROPBOX\FROGCOMPUTER\FROGTRACEVIEWER\FROGTRACEVIEWER\DEBUG\FROGTRACEVIEWER.EXE.INTERMEDIATE.MANIFEST
C:\USERS\PCO\DROPBOX\FROGCOMPUTER\FROGTRACEVIEWER\FROGTRACEVIEWER\DEBUG\FROGTRACEVIEWER.OBJ
C:\USERS\PCO\DROPBOX\FROGCOMPUTER\FROGTRACEVIEWER\FROGTRACEVIEWER\DEBUG\FROGTRACEVIEWER.PCH
C:\Users\pco\Dropbox\FrogComputer\FrogTraceViewer\FrogTraceViewer\Debug\FrogTraceViewer_manifest.rc
C:\USERS\PCO\DROPBOX\FROGCOMPUTER\FROGTRACEVIEWER\FROGTRACEVIEWER\DEBUG\IMAGEPROCESSING.OBJ
C:\Users\pco\Dropbox\FrogComputer\FrogTraceViewer\FrogTraceViewer\Debug\link.5704.read.1.tlog
C:\Users\pco\Dropbox\FrogComputer\FrogTraceViewer\FrogTraceViewer\Debug\link.5704.write.1.tlog
C:\Users\pco\Dropbox\FrogComputer\FrogTraceViewer\FrogTraceViewer\Debug\link.5704-cvtres.read.1.tlog
C:\Users\pco\Dropbox\FrogComputer\FrogTraceViewer\FrogTraceViewer\Debug\link.5704-cvtres.write.1.tlog
C:\Users\pco\Dropbox\FrogComputer\FrogTraceViewer\FrogTraceViewer\Debug\link.command.1.tlog
C:\Users\pco\Dropbox\FrogComputer\FrogTraceViewer\FrogTraceViewer\Debug\link.read.1.tlog
C:\Users\pco\Dropbox\FrogComputer\FrogTraceViewer\FrogTraceViewer\Debug\link.write.1.tlog
C:\Users\pco\Dropbox\FrogComputer\FrogTraceViewer\FrogTraceViewer\Debug\link-cvtres.read.1.tlog
C:\Users\pco\Dropbox\FrogComputer\FrogTraceViewer\FrogTraceViewer\Debug\link-cvtres.write.1.tlog
C:\Users\pco\Dropbox\FrogComputer\FrogTraceViewer\FrogTraceViewer\Debug\mt.command.1.tlog
C:\Users\pco\Dropbox\FrogComputer\FrogTraceViewer\FrogTraceViewer\Debug\mt.read.1.tlog
C:\Users\pco\Dropbox\FrogComputer\FrogTraceViewer\FrogTraceViewer\Debug\mt.write.1.tlog
C:\Users\pco\Dropbox\FrogComputer\FrogTraceViewer\FrogTraceViewer\Debug\rc.command.1.tlog
C:\Users\pco\Dropbox\FrogComputer\FrogTraceViewer\FrogTraceViewer\Debug\rc.read.1.tlog
C:\Users\pco\Dropbox\FrogComputer\FrogTraceViewer\FrogTraceViewer\Debug\rc.write.1.tlog
C:\USERS\PCO\DROPBOX\FROGCOMPUTER\FROGTRACEVIEWER\FROGTRACEVIEWER\DEBUG\STDAFX.OBJ
C:\Users\pco\Dropbox\FrogComputer\FrogTraceViewer\FrogTraceViewer\Debug\vc100.idb
C:\USERS\PCO\DROPBOX\FROGCOMPUTER\FROGTRACEVIEWER\FROGTRACEVIEWER\DEBUG\VC100.PDB
