Build started 29/05/2013 09:56:15.
     1>Project "C:\Users\pco\Dropbox\FrogComputer\FrogTraceViewer\FrogTraceViewer\FrogTraceViewer.vcxproj" on node 2 (rebuild target(s)).
     1>_PrepareForClean:
         Deleting file "Debug\FrogTraceViewer.lastbuildstate".
       InitializeBuildStatus:
         Creating "Debug\FrogTraceViewer.unsuccessfulbuild" because "AlwaysCreate" was specified.
       ClCompile:
         c:\Program Files\Microsoft Visual Studio 10.0\VC\bin\CL.exe /c /ZI /nologo /W3 /WX- /Od /Oy- /D WIN32 /D _DEBUG /D _CONSOLE /D _UNICODE /D UNICODE /Gm /EHsc /RTC1 /MDd /GS /fp:precise /Zc:wchar_t /Zc:forScope /Yc"StdAfx.h" /Fp"Debug\FrogTraceViewer.pch" /Fo"Debug\\" /Fd"Debug\vc100.pdb" /Gd /TP /analyze- /errorReport:prompt stdafx.cpp
         stdafx.cpp
         c:\Program Files\Microsoft Visual Studio 10.0\VC\bin\CL.exe /c /ZI /nologo /W3 /WX- /Od /Oy- /D WIN32 /D _DEBUG /D _CONSOLE /D _UNICODE /D UNICODE /Gm /EHsc /RTC1 /MDd /GS /fp:precise /Zc:wchar_t /Zc:forScope /Yu"StdAfx.h" /Fp"Debug\FrogTraceViewer.pch" /Fo"Debug\\" /Fd"Debug\vc100.pdb" /Gd /TP /analyze- /errorReport:prompt imageprocessing.cpp FrogTraceViewer.cpp
         FrogTraceViewer.cpp
     1>c:\users\pco\dropbox\frogcomputer\frogtraceviewer\frogtraceviewer\frogtraceviewer.cpp(52): warning C4101: 'str' : unreferenced local variable
         imageprocessing.cpp
         Generating Code...
       ManifestResourceCompile:
         c:\Program Files\Microsoft SDKs\Windows\v7.0A\bin\rc.exe /nologo /fo"Debug\FrogTraceViewer.exe.embed.manifest.res" Debug\FrogTraceViewer_manifest.rc 
       Link:
         c:\Program Files\Microsoft Visual Studio 10.0\VC\bin\link.exe /ERRORREPORT:PROMPT /OUT:"C:\Users\pco\Dropbox\FrogComputer\FrogTraceViewer\Debug\FrogTraceViewer.exe" /INCREMENTAL /NOLOGO Euresys/multicam.lib kernel32.lib user32.lib gdi32.lib winspool.lib comdlg32.lib advapi32.lib shell32.lib ole32.lib oleaut32.lib uuid.lib odbc32.lib odbccp32.lib /MANIFEST /ManifestFile:"Debug\FrogTraceViewer.exe.intermediate.manifest" /MANIFESTUAC:"level='asInvoker' uiAccess='false'" /DEBUG /PDB:"C:\Users\pco\Dropbox\FrogComputer\FrogTraceViewer\Debug\FrogTraceViewer.pdb" /SUBSYSTEM:CONSOLE /TLBID:1 /DYNAMICBASE /NXCOMPAT /IMPLIB:"C:\Users\pco\Dropbox\FrogComputer\FrogTraceViewer\Debug\FrogTraceViewer.lib" /MACHINE:X86 Debug\FrogTraceViewer.exe.embed.manifest.res
         Debug\imageprocessing.obj
         Debug\stdafx.obj
         Debug\FrogTraceViewer.obj
       Manifest:
         Deleting file "Debug\FrogTraceViewer.exe.embed.manifest".
         c:\Program Files\Microsoft SDKs\Windows\v7.0A\bin\mt.exe /nologo /verbose /out:"Debug\FrogTraceViewer.exe.embed.manifest" /manifest Debug\FrogTraceViewer.exe.intermediate.manifest
         c:\Program Files\Microsoft SDKs\Windows\v7.0A\bin\rc.exe /nologo /fo"Debug\FrogTraceViewer.exe.embed.manifest.res" Debug\FrogTraceViewer_manifest.rc 
       LinkEmbedManifest:
         c:\Program Files\Microsoft Visual Studio 10.0\VC\bin\link.exe /ERRORREPORT:PROMPT /OUT:"C:\Users\pco\Dropbox\FrogComputer\FrogTraceViewer\Debug\FrogTraceViewer.exe" /INCREMENTAL /NOLOGO Euresys/multicam.lib kernel32.lib user32.lib gdi32.lib winspool.lib comdlg32.lib advapi32.lib shell32.lib ole32.lib oleaut32.lib uuid.lib odbc32.lib odbccp32.lib /MANIFEST /ManifestFile:"Debug\FrogTraceViewer.exe.intermediate.manifest" /MANIFESTUAC:"level='asInvoker' uiAccess='false'" /DEBUG /PDB:"C:\Users\pco\Dropbox\FrogComputer\FrogTraceViewer\Debug\FrogTraceViewer.pdb" /SUBSYSTEM:CONSOLE /TLBID:1 /DYNAMICBASE /NXCOMPAT /IMPLIB:"C:\Users\pco\Dropbox\FrogComputer\FrogTraceViewer\Debug\FrogTraceViewer.lib" /MACHINE:X86 Debug\FrogTraceViewer.exe.embed.manifest.res
         Debug\imageprocessing.obj
         Debug\stdafx.obj
         Debug\FrogTraceViewer.obj
         FrogTraceViewer.vcxproj -> C:\Users\pco\Dropbox\FrogComputer\FrogTraceViewer\Debug\FrogTraceViewer.exe
       FinalizeBuildStatus:
         Deleting file "Debug\FrogTraceViewer.unsuccessfulbuild".
         Touching "Debug\FrogTraceViewer.lastbuildstate".
     1>Done Building Project "C:\Users\pco\Dropbox\FrogComputer\FrogTraceViewer\FrogTraceViewer\FrogTraceViewer.vcxproj" (rebuild target(s)).

Build succeeded.

Time Elapsed 00:00:01.75
